c:\users\silly\documents\sandbox\foundationlibrary\foundationlibrary\x64\debug\vc143.pdb
c:\users\silly\documents\sandbox\foundationlibrary\foundationlibrary\x64\debug\vc143.idb
c:\users\silly\documents\sandbox\foundationlibrary\foundationlibrary\x64\debug\flmd5ut.obj
c:\users\silly\documents\sandbox\foundationlibrary\foundationlibrary\x64\debug\flfraction64ut.obj
c:\users\silly\documents\sandbox\foundationlibrary\foundationlibrary\x64\debug\flcrc32ut.obj
c:\users\silly\documents\sandbox\foundationlibrary\foundationlibrary\x64\debug\flaes256ut.obj
c:\users\silly\documents\sandbox\foundationlibrary\foundationlibrary\x64\debug\flwin32filepath.obj
c:\users\silly\documents\sandbox\foundationlibrary\foundationlibrary\x64\debug\flwin32commandlinetoutf8arguments.obj
c:\users\silly\documents\sandbox\foundationlibrary\foundationlibrary\x64\debug\fluuid.obj
c:\users\silly\documents\sandbox\foundationlibrary\foundationlibrary\x64\debug\flutf8utf16converter.obj
c:\users\silly\documents\sandbox\foundationlibrary\foundationlibrary\x64\debug\flunicodecaseprocessing.obj
c:\users\silly\documents\sandbox\foundationlibrary\foundationlibrary\x64\debug\flsha256hmac.obj
c:\users\silly\documents\sandbox\foundationlibrary\foundationlibrary\x64\debug\flsha256.obj
c:\users\silly\documents\sandbox\foundationlibrary\foundationlibrary\x64\debug\flsha1.obj
c:\users\silly\documents\sandbox\foundationlibrary\foundationlibrary\x64\debug\flrandomfilename.obj
c:\users\silly\documents\sandbox\foundationlibrary\foundationlibrary\x64\debug\flrandom.obj
c:\users\silly\documents\sandbox\foundationlibrary\foundationlibrary\x64\debug\flpbkdf2sha256hmac.obj
c:\users\silly\documents\sandbox\foundationlibrary\foundationlibrary\x64\debug\flmd5.obj
c:\users\silly\documents\sandbox\foundationlibrary\foundationlibrary\x64\debug\flfraction64.obj
c:\users\silly\documents\sandbox\foundationlibrary\foundationlibrary\x64\debug\flcrc32.obj
c:\users\silly\documents\sandbox\foundationlibrary\foundationlibrary\x64\debug\flcommandlinetoargvw.obj
c:\users\silly\documents\sandbox\foundationlibrary\foundationlibrary\x64\debug\flaes256.obj
c:\users\silly\documents\sandbox\foundationlibrary\foundationlibrary\x64\debug\fluuidut.obj
c:\users\silly\documents\sandbox\foundationlibrary\foundationlibrary\x64\debug\flutmain.obj
c:\users\silly\documents\sandbox\foundationlibrary\foundationlibrary\x64\debug\flutf8utf16converterut.obj
c:\users\silly\documents\sandbox\foundationlibrary\foundationlibrary\x64\debug\flunicodecaseprocessingut.obj
c:\users\silly\documents\sandbox\foundationlibrary\foundationlibrary\x64\debug\flsha256ut.obj
c:\users\silly\documents\sandbox\foundationlibrary\foundationlibrary\x64\debug\flsha256hmacut.obj
c:\users\silly\documents\sandbox\foundationlibrary\foundationlibrary\x64\debug\flsha1ut.obj
c:\users\silly\documents\sandbox\foundationlibrary\foundationlibrary\x64\debug\flrandomut.obj
c:\users\silly\documents\sandbox\foundationlibrary\foundationlibrary\x64\debug\flrandomfilenameut.obj
c:\users\silly\documents\sandbox\foundationlibrary\foundationlibrary\x64\debug\flpbkdf2sha256hmacut.obj
c:\users\silly\documents\sandbox\foundationlibrary\x64\debug\foundationlibrary.exe
c:\users\silly\documents\sandbox\foundationlibrary\foundationlibrary\x64\debug\foundationlibrary.ilk
c:\users\silly\documents\sandbox\foundationlibrary\x64\debug\foundationlibrary.pdb
c:\users\silly\documents\sandbox\foundationlibrary\foundationlibrary\x64\debug\foundati.9d465a2e.tlog\cl.command.1.tlog
c:\users\silly\documents\sandbox\foundationlibrary\foundationlibrary\x64\debug\foundati.9d465a2e.tlog\cl.read.1.tlog
c:\users\silly\documents\sandbox\foundationlibrary\foundationlibrary\x64\debug\foundati.9d465a2e.tlog\cl.write.1.tlog
c:\users\silly\documents\sandbox\foundationlibrary\foundationlibrary\x64\debug\foundati.9d465a2e.tlog\link.command.1.tlog
c:\users\silly\documents\sandbox\foundationlibrary\foundationlibrary\x64\debug\foundati.9d465a2e.tlog\link.read.1.tlog
c:\users\silly\documents\sandbox\foundationlibrary\foundationlibrary\x64\debug\foundati.9d465a2e.tlog\link.write.1.tlog
